Unity Player [version: Unity 5.4.1f1_649f48bbbf0f]

MisteryMine.exe caused an Access Violation (0xc0000005)
  in module MisteryMine.exe at 0023:00e8a1b6.

Error occurred at 2016-10-14_170840.
D:\Chisto Moya Papka!!!\Games\MyGames\Project MysteryMine\ProjectMysteryMine\Builds\MisteryMine.exe, run by Ìàòâåé.
72% memory in use.
0 MB physical memory [1688 MB free].
0 MB paging file [3717 MB free].
0 MB user address space [3701 MB free].
Read from location 000005d4 caused an access violation.

Context:
EDI:    0x00000000  ESI: 0x04d30330  EAX:   0x01bbdb50
EBX:    0x00000000  ECX: 0x00000000  EDX:   0x00000002
EIP:    0x00e8a1b6  EBP: 0x01bbdb3c  SegCs: 0x00000023
EFlags: 0x00210287  ESP: 0x01bbdb38  SegSs: 0x0000002b

Bytes at CS:EIP:
83 bf d4 05 00 00 00 75 07 32 c0 5f 5d c2 04 00 

Stack:
0x01bbdb38: 016c1f95 01bbdb6c 00e729a9 01bbdb50 ..l.l....)..P...
0x01bbdb48: 00000003 04d30330 666e6f63 01006769 ....0...config..
0x01bbdb58: 7701d650 c70a26cc 00000006 0000000f P..w.&..........
0x01bbdb68: 00b2e234 01bbdb74 00e71d37 01bbdb8c 4...t...7.......
0x01bbdb78: 00e71e26 00000002 00e73b7d 00000000 &.......};......
0x01bbdb88: 018485f0 01bbdba8 00e73bcf 00000003 .........;......
0x01bbdb98: 3e087feb 3e087feb 00000000 00000000 ...>...>........
0x01bbdba8: 01bbdbdc 00e70db5 04d30330 00000003 ........0.......
0x01bbdbb8: 3e087feb 3e087feb 00000000 00000000 ...>...>........
0x01bbdbc8: 016c1e75 04d302d8 00000000 018485f0 u.l.............
0x01bbdbd8: 00000000 01bbdc44 00e71984 00000003 ....D...........
0x01bbdbe8: 3e087feb 3e087feb 00000000 00000000 ...>...>........
0x01bbdbf8: 018488f4 00000000 018488f4 040ed700 ................
0x01bbdc08: 00000000 2b785701 046cb200 00000000 .....Wx+..l.....
0x01bbdc18: 0000000f 014b5ff7 040f3ac0 047533d0 ....._K..:...3u.
0x01bbdc28: 01bbdc4c 00ce8883 00000021 0000002f L.......!.../...
0x01bbdc38: 00000000 c385e978 00000157 01bbdc50 ....x...W...P...
0x01bbdc48: 00e719a7 00000003 01bbdc6c 008af161 ........l...a...
0x01bbdc58: 04d302d8 00000000 00000000 046cb200 ..............l.
0x01bbdc68: 00000000 01bbdc8c 00a99ccf 00000000 ................
0x01bbdc78: 00000006 00000000 fffffffe 01bbdcbc ................
0x01bbdc88: 00000086 01bbdcbc 00b311d4 00000000 ................
0x01bbdc98: 00000001 00000000 00200001 00b30fd0 .......... .....
0x01bbdca8: 00000000 0000001c 00000001 00002304 .............#..
0x01bbdcb8: 00000000 01bbdce8 771fd273 002911c0 ........s..w..).
0x01bbdcc8: 00000006 00200001 00000000 00200001 ...... ....... .
0x01bbdcd8: dcbaabcd 00b30fd0 00000000 00200001 .............. .
0x01bbdce8: 01bbddd0 771de84a 00b30fd0 002911c0 ....J..w......).
0x01bbdcf8: 00000006 00200001 00000000 60251db9 ...... .......%`
0x01bbdd08: 00000000 00000000 00000006 00000080 ................
0x01bbdd18: 00000040 00000000 76c3f11a 0f472970 @..........vp)G.
0x01bbdd28: 0f472974 00000000 00000000 00000024 t)G.........$...
0x01bbdd38: 00000001 00000000 00000000 00000070 ............p...
0x01bbdd48: ffffffff ffffffff 00000024 00000001 ........$.......
0x01bbdd58: 00000000 00000000 00000030 ffffffff ........0.......
0x01bbdd68: ffffffff 771de6dc 00000000 00000000 .......w........
0x01bbdd78: 00000000 00000000 00000000 00000000 ................
0x01bbdd88: 00b30fd0 00000000 027709f8 00000000 ..........w.....
0x01bbdd98: 80000011 00000000 00000000 80000011 ................
0x01bbdda8: 00000000 00000001 002911c0 60251db9 ..........)...%`
0x01bbddb8: 771de480 01bbd568 01bbde20 77201570 ...wh... ...p. w
0x01bbddc8: 16b98f19 00000000 01bbde30 771de480 ........0......w
0x01bbddd8: 00b30fd0 00000000 00000006 00200001 .............. .
0x01bbdde8: 00000000 01c17000 00000001 60251e59 .....p......Y.%`
0x01bbddf8: 01bbdf94 774f1af0 00000000 01bbde68 ......Ow....h...
0x01bbde08: 77201570 00000000 002911c0 00000000 p. w......).....
0x01bbde18: 01bbddf4 01bbd568 01bbde80 77201570 ....h.......p. w
0x01bbde28: 16b98f39 fffffffe 01bbde70 771e8ad9 9.......p......w
0x01bbde38: 029bcc20 00000000 00000006 00200001  ............. .
0x01bbde48: 00000000 00b30fd0 00000400 00000001 ................
0x01bbde58: 00000000 00000000 01bbde74 00000000 ........t.......
0x01bbde68: 00000000 60251e19 01bbdedc 774dfef6 ......%`......Mw
0x01bbde78: 01bbde8c 00000020 01bbdf5c 774dfe40 .... ...\...@.Mw
0x01bbde88: 01bbdeb0 029bcc20 00000000 00000006 .... ...........
0x01bbde98: 00200001 00000000 00b30fd0 774f1af0 .. ...........Ow
0x01bbdea8: 00000000 7432249c 771e6aa7 01bbdf94 .....$2t.j.w....
0x01bbdeb8: 0016054e 00000400 00007fff 00000003 N...............
0x01bbdec8: 01bbe238 01c17000 01bbe238 021cee60 8....p..8...`...
0x01bbded8: 02000002 01bbdf14 771e6a3d 00000400 ........=j.w....
0x01bbdee8: 00007fff 00000003 00000000 01bbe238 ............8...
0x01bbdef8: 01bbdf94 01bbe238 43a3f016 0000002d ....8......C-...
0x01bbdf08: 32000032 01c17000 00000031 01bbdf6c 2..2.p..1...l...
0x01bbdf18: 76cd08e6 01bbdf94 0016054e 00000400 ...v....N.......
0x01bbdf28: 00007fff 00000003 832877f9 01bbe238 .........w(.8...
0x01bbdf38: 00000000 00000002 010d01f8 774b8419 ..............Kw
0x01bbdf48: 43a3cf0a 01bbe238 00000000 01bbdf30 ...C8.......0...
0x01bbdf58: 02000002 01bbe850 76d1ff60 f44dae55 ....P...`..vU.M.
0x01bbdf68: 00000000 01bbdfb0 76cd0b8f 01bbdf94 ...........v....
0x01bbdf78: 0016054e 00000400 00007fff 00000003 N...............
0x01bbdf88: 0888688e 01bbe238 7701d650 c70a266c .h..8...P..wl&..
0x01bbdf98: 743224ac 771e85c6 00005dff 771e85d0 .$2t...w.].....w
0x01bbdfa8: 60251fc5 00000040 01bbdfd4 76cd10a5 ..%`@..........v
0x01bbdfb8: 0f58d930 0f58a290 01bbe238 0f58a290 0.X...X.8.....X.
0x01bbdfc8: 0888688e ffffffff 83287741 01bbe094 .h......Aw(.....
0x01bbdfd8: 76cbe641 01bbe020 00000002 01bbe018 A..v ...........
0x01bbdfe8: 0f58d930 020de058 0f35d000 774b7951 0.X.X.....5.QyKw
0x01bbdff8: 020d0000 0f58d930 00000002 0d1cf25c ....0.X.....\...
0x01bbe008: 00000000 01bbe364 00000000 0f58a290 ....d.........X.
0x01bbe018: ffffffff 01bbe238 00000758 00000764 ....8...X...d...
0x01bbe028: 774b787d 00000000 00000000 00000000 }xKw............
0x01bbe038: 00000000 ffffff00 00000000 00000000 ................
0x01bbe048: 00000000 00000000 020d0000 00000000 ................
0x01bbe058: 0f3349e8 76c7e6b7 832848f1 01bbe070 .I3....v.H(.p...
0x01bbe068: 76d1f5d3 0f3349e8 01bbe088 76c9d8e1 ...v.I3........v
0x01bbe078: 0f3349e8 00000136 00000000 000000c0 .I3.6...........
0x01bbe088: 46000000 83287761 00000001 01bbe1a8 ...Faw(.........
0x01bbe098: 76ccfbe6 0d1cf25c 76ccfa40 01bbe364 ...v\...@..vd...
0x01bbe0a8: 0f58d930 76c9b1ce 01bbe33c 00000000 0.X....v<.......
0x01bbe0b8: 01bbe364 00000000 01bbe364 0f507360 d.......d...`sP.
0x01bbe0c8: 00000000 00000000 0888688e 00000000 .........h......
0x01bbe0d8: 00000000 ffffffff ffffffff 00000000 ................
0x01bbe0e8: 00000000 00000000 00000000 00000000 ................
0x01bbe0f8: 00000000 020d6e80 00000136 00000000 .....n..6.......
0x01bbe108: 000000c0 46000000 832849b9 e7da6605 .......F.I(..f..
0x01bbe118: 00000272 e7da6605 8ae2b56c 01bbe158 r....f..l...X...
0x01bbe128: 774c68a9 76c455e8 0000001e 01a70b54 .hLw.U.v....T...
0x01bbe138: 0000001e 00000001 01a60000 01bbe194 ................
0x01bbe148: 00000000 76c455e8 01a632bc 01a60000 .....U.v.2......
0x01bbe158: 01bbe174 774c67a6 0000001e 01bbe1af t....gLw........
0x01bbe168: 76c1c608 01a60000 00000040 01bbe19c ...v....@.......
0x01bbe178: 774a8bd6 00000000 01bbe1af 01bbe194 ..Jw............
0x01bbe188: 00005dff 020de058 0f58d930 00140014 .]..X...0.X.....
0x01bbe198: 01a69388 01bbe1b0 76d2098d 83284839 ...........v9H(.
0x01bbe1a8: 01bbe318 76ccf4cf 01bbe364 01bbe33c .......vd...<...
0x01bbe1b8: 0f58d930 01bbe450 01bbe364 2868415e 0.X.P...d...^Ah(
0x01bbe1c8: 00000000 01bbe364 01bbe33c 00000000 ....d...<.......
0x01bbe1d8: 020de058 00000000 000000c0 46000000 X..............F
0x01bbe1e8: 574f454d 00000004 000001a2 00000000 MEOW............
0x01bbe1f8: 000000c0 46000000 00000338 00000000 .......F8.......
0x01bbe208: 000000c0 46000000 00000000 000013c8 .......F........
0x01bbe218: 00000010 76c3f654 76c987a0 76c9890c ....T..v...v...v
0x01bbe228: 83284ab9 01bbe25c 76c9928e 76c3f654 .J(.\......vT..v
0x01bbe238: 76c14b7c 0f507068 00000000 00000000 |K.vhpP.........
0x01bbe248: 00000000 00000000 80010115 0f507358 ............XsP.
0x01bbe258: 00000000 00000000 00000000 00000000 ................
0x01bbe268: 00000000 00000000 00005dff 43f33bd3 .........]...;.C
0x01bbe278: 40598afc 101853be 2df03e9b 00000000 ..Y@.S...>.-....
0x01bbe288: 00000000 774b77f0 0888688e 00000000 .....wKw.h......
0x01bbe298: 00000000 00000000 00000000 0f5a4010 .............@Z.
0x01bbe2a8: 00000000 00000000 00000000 00000000 ................
0x01bbe2b8: 00000000 01bbe2c8 76d1f5d3 0f507360 ...........v`sP.
0x01bbe2c8: 01bbe318 76d049ad 0f507360 0000001c .....I.v`sP.....
0x01bbe2d8: 01bbe450 76d04810 76d0499f 000013f8 P....H.v.I.v....
0x01bbe2e8: 00000000 0f47108c 0f471088 00001420 ......G...G. ...
0x01bbe2f8: 00000000 01bbe304 01bbed94 000001a2 ................
0x01bbe308: 00000000 000000c0 46000000 83284951 ...........FQI(.
0x01bbe318: 01bbe344 76c33015 01bbe364 01bbe33c D....0.vd...<...
0x01bbe328: 01bbed94 01bbe590 76c32f40 0f58d930 ........@/.v0.X.
0x01bbe338: 01bbe364 00000000 83284bd1 01bbe860 d........K(.`...
0x01bbe348: 76af5a9a 0d1ea464 01bbe450 fd81556e .Z.vd...P...nU..
0x01bbe358: 00000000 01bbe898 01bbed6c 0f58d930 ........l...0.X.
0x01bbe368: 00000010 00000000 00001408 00008004 ................
0x01bbe378: 00000000 0d1b84f0 01bbe7c8 01bbe5f0 ................
0x01bbe388: 76de7d08 00000000 01bbed94 76c5f66a .}.v........j..v
0x01bbe398: 00000000 01c19000 00000000 00000000 ................
0x01bbe3a8: 01bbe5e4 020de058 00000014 00000001 ....X...........
0x01bbe3b8: 01bbe5e4 76c64322 00000000 76de7d08 ...."C.v.....}.v
0x01bbe3c8: 00000000 01bbe450 01bbe450 00000000 ....P...P.......
0x01bbe3d8: 76c5f66a 00000000 00000000 00000000 j..v............
0x01bbe3e8: 01c19000 00000000 00000000 01bbe450 ............P...
0x01bbe3f8: 00000000 01bbe450 01bbed94 00000000 ....P...........
0x01bbe408: 020dd148 020d0000 0000000c 00000000 H...............
0x01bbe418: 00000000 76c1afc8 01bbe508 76b267b0 .......v.....g.v
0x01bbe428: 00000004 00000000 020dd148 0f334680 ........H....F3.
0x01bbe438: 0000000b 020d0000 00000004 01bbed94 ................
0x01bbe448: 00000000 00000001 01bbe364 0f472488 ........d....$G.
0x01bbe458: 00000000 00000000 00000000 00001430 ............0...
0x01bbe468: 00000000 00000000 00000001 00000000 ................
0x01bbe478: 00000000 00000000 00000000 00000000 ................
0x01bbe488: 0001000c 00000000 00000000 00000000 ................
0x01bbe498: 76d20540 76d20530 01bbe898 00000000 @..v0..v........
0x01bbe4a8: 00000000 00000000 76c1bc00 00000000 ...........v....
0x01bbe4b8: 00000000 00000000 00000140 00000000 ........@.......
0x01bbe4c8: 00000000 00000000 00000000 0f4db0d8 ..............M.
0x01bbe4d8: 00000000 00000000 00000000 00000000 ................
0x01bbe4e8: 00000000 00000003 01bbd310 00000000 ................
0x01bbe4f8: 00000000 00000000 00000000 00000000 ................
0x01bbe508: 00000000 00000000 00000000 01bbe590 ................
0x01bbe518: 00000000 00000000 00000000 00000000 ................
0x01bbe528: 00000000 76b12d4c 0f5226d4 0f522650 ....L-.v.&R.P&R.
0x01bbe538: 020dd184 00000060 00000001 00000000 ....`...........
0x01bbe548: 76c5dbd2 0f507180 76b12bad 01bbed94 ...v.qP..+.v....
0x01bbe558: 00000000 00000000 00000000 76c43c44 ............D<.v
0x01bbe568: 00000000 01bbe590 00000000 00000000 ................
0x01bbe578: 0d1ea464 0f307850 76c43c44 01bbe450 d...Px0.D<.vP...
0x01bbe588: 00000004 76c5f66a 8a885d04 0000006c ....j..v.]..l...
0x01bbe598: 76c43c36 76c43c2c 00000004 76c43c44 6<.v,<.v....D<.v
0x01bbe5a8: 01bbe898 00000c33 00000000 76c43c36 ....3.......6<.v
0x01bbe5b8: 76c5dbd2 00000022 00000000 00000000 ...v"...........
0x01bbe5c8: 00000000 00000001 00000014 00000000 ................
0x01bbe5d8: 00000000 00000000 00000000 76b0b520 ............ ..v
0x01bbe5e8: 00000000 00000000 00000000 00000000 ................
0x01bbe5f8: 76b2f2b0 76b2f3a0 00000000 00000000 ...v...v........
0x01bbe608: 00000000 00000000 00000000 00000000 ................
0x01bbe618: 00000000 00000000 00000000 01bbe638 ............8...
0x01bbe628: 01bbe628 01bbe628 000001f8 00000000 (...(...........
0x01bbe638: 00000011 00000001 0f5226d4 0f522650 .........&R.P&R.
0x01bbe648: 00000000 01bbe66c 76b1bc32 0f5226d4 ....l...2..v.&R.
0x01bbe658: 0f522650 0000000a 00000000 00000000 P&R.............
0x01bbe668: 00000000 01bbe6fc 76b11418 76c40718 ...........v...v
0x01bbe678: 00000006 00000004 0f33af10 020d0000 ..........3.....
0x01bbe688: 0f33af10 00000000 774ddd6c 774bbd4a ..3.....l.MwJ.Kw
0x01bbe698: ffffffff 01bbe6c4 00000000 01bbe6c0 ................
0x01bbe6a8: 00001000 00000004 020d0000 0f33af12 ..............3.
0x01bbe6b8: 0f33af10 00000000 00001000 0f33b000 ..3...........3.
0x01bbe6c8: 01bbe820 774b67b7 43a3c76a 00001118  ....gKwj..C....
0x01bbe6d8: 020d0000 0000110a 00000001 00000000 ................
0x01bbe6e8: 02000002 00000000 ac08a400 00000006 ................
0x01bbe6f8: fd815bf2 01bbe7d0 02000002 0f522650 .[..........P&R.
0x01bbe708: ac08a400 00000000 76c8d691 ffff5e23 ...........v#^..
0x01bbe718: 020d62b6 76c8d237 76c3f6cc 0f4db2b8 .b..7..v...v..M.
0x01bbe728: 76c8d24a 0d1cf19c fc0001fd fffffe00 J..v............
0x01bbe738: 0f3244d8 0f33af18 83284f25 00000000 .D2...3.%O(.....
0x01bbe748: 00000000 00000221 fa0005ff 00000006 ....!...........
0x01bbe758: 0000000a 00000004 020d0000 00000001 ................
0x01bbe768: 020d6ed0 00000000 00000000 000007ff .n..............
0x01bbe778: 000003ff 020d00c0 020d6f10 00000000 .........o......
0x01bbe788: 00000000 00000004 00001118 01bbe7c4 ................
0x01bbe798: 0000017d 00000000 0000037f 00000000 }...............
0x01bbe7a8: 01000100 00000001 000003ff 0f471018 ..............G.
0x01bbe7b8: 00000001 00000000 00000000 0f33af10 ..............3.
0x01bbe7c8: 0f33af10 00180002 0f33af18 0f33af18 ..3.......3...3.
0x01bbe7d8: fffffffe 0000001c 001cf21c 10000000 ................
0x01bbe7e8: 000001dc 0000003b 00000000 0000f198 ....;...........
0x01bbe7f8: 020d00c0 00000000 0000015c 020d6e80 ........\....n..
0x01bbe808: 83284099 00000001 01bbf734 774e5de0 .@(.....4....]Nw
0x01bbe818: 354e5642 fffffffe 01bbe860 774b5005 BVN5....`....PKw
0x01bbe828: 0000110a 00001118 020d7620 00000000 ........ v......
0x01bbe838: 76c3ed58 01bbebc0 01bbe864 fd81556e X..v....d...nU..
0x01bbe848: 01bbe354 00000000 01bbf734 76b34aa0 T.......4....J.v
0x01bbe858: 8a831d2e 00000001 01bbe880 76c33a90 .............:.v
0x01bbe868: 76c1bc00 76c43c2c 01bbe898 76c1f004 ...v,<.v.......v
0x01bbe878: 01bbed94 00000014 01bbe890 76d2272f ............/'.v
0x01bbe888: 01bbe898 00000004 01bbe900 76c92929 ............)).v
0x01bbe898: 0d1ea464 00000000 01bbed94 01bbe8f4 d...............
0x01bbe8a8: 01bbed94 76c13574 00000000 00000014 ....t5.v........
0x01bbe8b8: 00000000 00000000 01bbed9c 01bbf0d0 ................
0x01bbe8c8: 01bbf284 01bbf2a0 00000000 00000000 ................
0x01bbe8d8: 000022fc 0f5047d8 08b12bc0 000001cf ."...GP..+......
0x01bbe8e8: 0f33af18 00000885 00000000 00000000 ..3.............
0x01bbe8f8: 00000000 83284021 01bbeb60 76c95966 ....!@(.`...fY.v
0x01bbe908: 01bbed94 01bbf430 00000000 00000000 ....0...........
0x01bbe918: 00000000 00000000 00000000 00000000 ................
0x01bbe928: 00000000 00000000 00000000 00000000 ................
0x01bbe938: 00000000 00000000 00000000 00000000 ................
0x01bbe948: 00000000 00000000 00000000 00000000 ................
0x01bbe958: 00000000 00000000 00000000 00000000 ................
0x01bbe968: 00000000 00000000 00000000 00000000 ................
0x01bbe978: 00000000 00000000 00000000 00000000 ................
0x01bbe988: 00000000 00000000 00000000 00000000 ................
0x01bbe998: 00000000 00000000 00000000 00000000 ................
0x01bbe9a8: 00000000 00000000 00000000 00000000 ................
0x01bbe9b8: 00000000 00000000 00000000 00000000 ................
0x01bbe9c8: 00000000 00000000 00000000 00000000 ................
0x01bbe9d8: 00000000 00000000 00000000 00000000 ................
0x01bbe9e8: 00000000 00000000 00000000 00000000 ................
0x01bbe9f8: 00000000 00000000 00000000 00000000 ................
0x01bbea08: 00000000 00000000 00000000 00000000 ................
0x01bbea18: 00000000 00000000 00000000 00000000 ................
0x01bbea28: 00000000 00000000 00000000 00000000 ................
0x01bbea38: 00000000 00000000 00000000 00000000 ................
0x01bbea48: 00000000 00000000 00000000 00000000 ................
0x01bbea58: 00000000 00000000 00000000 00000000 ................
0x01bbea68: 00000000 00000000 00000000 00000000 ................
0x01bbea78: 00000000 00000000 00000000 00000000 ................
0x01bbea88: 00000000 00000000 00000000 00000000 ................
0x01bbea98: 00000000 00000000 00000000 00000000 ................
0x01bbeaa8: 00000000 00000000 00000000 00000000 ................
0x01bbeab8: 00000000 00000000 00000000 00000000 ................
0x01bbeac8: 00000000 00000000 00000000 00000000 ................
0x01bbead8: 00000000 00000000 00000000 00000000 ................
0x01bbeae8: 00000000 00000000 00000000 00000000 ................
0x01bbeaf8: 00000000 00000000 00000000 00000000 ................
0x01bbeb08: 00000000 00000000 00000000 00000000 ................
0x01bbeb18: 00000000 00000000 00000000 00000000 ................
0x01bbeb28: 00000000 00000000 00000000 76c958a1 .............X.v
0x01bbeb38: 01bbed94 76c95810 00000000 00000000 .....X.v........
0x01bbeb48: 00000000 01bbebc0 00000000 00000000 ................
0x01bbeb58: 76c95a00 832843f5 01bbebac 76c99872 .Z.v.C(.....r..v
0x01bbeb68: 76de7258 00000000 01bbed94 01bbf430 Xr.v........0...
0x01bbeb78: 00000000 00000014 00000001 01bbebac ................
0x01bbeb88: 76c984e0 01bbf12c 01bbf430 01bbeda4 ...v,...0.......
0x01bbeb98: 00000014 00000000 76c984fa 83284339 ...........v9C(.
0x01bbeba8: 83284339 01bbf508 76cdc130 01bbed94 9C(.....0..v....
0x01bbebb8: 00000000 01bbf430 76c13510 76c13554 ....0....5.vT5.v
0x01bbebc8: 76c13564 00000003 00000338 00000000 d5.v....8.......
0x01bbebd8: 000000c0 46000000 00000000 00000000 .......F........
0x01bbebe8: 00000001 000013c0 000000c0 00000000 ................
0x01bbebf8: 00000000 00000006 00000000 00000000 ................
0x01bbec08: 00000000 00000000 01bbec98 01bbed58 ............X...
0x01bbec18: 00000000 00000000 00000000 00000000 ................
0x01bbec28: 00000000 00000000 00000000 00000000 ................
0x01bbec38: 00000000 00000000 00000000 00000000 ................
0x01bbec48: 00000000 00000000 000013c8 00000000 ................
0x01bbec58: 00000001 00000000 01bbedb0 01bbf2a4 ................
0x01bbec68: 01bbf130 01bbf214 01bbf104 01bbf0d4 0...............
0x01bbec78: 01bbf288 00000000 00000000 00000000 ................
0x01bbec88: 00000000 00000000 00000000 00000006 ................
0x01bbec98: 000001b9 00000000 000000c0 46000000 ...............F
0x01bbeca8: 000001ab 00000000 000000c0 46000000 ...............F
0x01bbecb8: 000001a5 00000000 000000c0 46000000 ...............F
0x01bbecc8: 000001a4 00000000 000000c0 46000000 ...............F
0x01bbecd8: 000001a6 00000000 000000c0 46000000 ...............F
0x01bbece8: 000001aa 00000000 000000c0 46000000 ...............F
0x01bbecf8: 76cd518c 00000000 00000000 76de8a5d .Q.v........]..v
0x01bbed08: 76de8a5c 76de61a0 00000004 00000000 \..v.a.v........
0x01bbed18: 00000000 00000000 00000000 00000000 ................
0x01bbed28: 00000000 00000000 00000000 00000000 ................
0x01bbed38: 00000000 00000000 00000000 00000000 ................
0x01bbed48: 00000000 00000000 00000000 00000000 ................
0x01bbed58: 00000068 00000058 00000090 00000020 h...X....... ...
0x01bbed68: 00000020 00001170 00000000 00000000  ...p...........
0x01bbed78: 00000000 00000000 00000000 00000000 ................
0x01bbed88: 000000c0 00000000 00000000 76c13574 ............t5.v
0x01bbed98: 76c135bc 76c135d4 00000002 00000000 .5.v.5.v........
0x01bbeda8: 00000000 00000014 00000001 00000000 ................
0x01bbedb8: 00000000 00000000 00000000 0f508080 ..............P.
0x01bbedc8: 00000000 01bbf12c 00000000 01bbf210 ....,...........
0x01bbedd8: 01bbf100 00000000 01bbf2a0 00000000 ................
0x01bbede8: 00000000 00000000 76c135f4 76c13634 .........5.v46.v
0x01bbedf8: 76c13644 00000001 00000339 00000000 D6.v....9.......
0x01bbee08: 000000c0 46000000 00000000 00000000 .......F........
0x01bbee18: 00000001 00000000 00000000 00000000 ................
0x01bbee28: 00000004 00000000 00000000 00000000 ................
0x01bbee38: 00000000 00000000 00000000 00000000 ................
0x01bbee48: 00000000 00000000 00000000 00000000 ................
0x01bbee58: 00000000 00000000 00000000 00000000 ................
0x01bbee68: 00000000 00000000 00000000 00000000 ................
0x01bbee78: 00000000 00000000 00000000 00000000 ................
0x01bbee88: 00000000 00000001 01a407d0 00000000 ................
0x01bbee98: 00000000 00000000 00000000 00000000 ................
0x01bbeea8: 00000000 00000000 00000000 00000000 ................
0x01bbeeb8: 00000000 00000000 00000000 00000000 ................
0x01bbeec8: 01a401d0 00000020 01a40bd8 00380036 .... .......6.8.
0x01bbeed8: 01bbef10 774b4f7c 00000024 00000000 ....|OKw$.......
0x01bbeee8: 0217e260 774b4e70 00000014 00000030 `...pNKw....0...
0x01bbeef8: 00000000 00000000 00000006 00000002 ................
0x01bbef08: 00000000 0f5a3dd0 01bbef24 774b4ea2 .....=Z.$....NKw
0x01bbef18: 00000000 00000000 0f5a3dd0 0217e260 .........=Z.`...
0x01bbef28: 76d2c830 01bbef64 76cd4f60 0217e260 0..vd...`O.v`...
0x01bbef38: 00000014 01bbef88 76cd4f6f 01bbef80 ........oO.v....
0x01bbef48: 00000000 01bbef84 00000014 0000000e ................
0x01bbef58: 00000000 8bc3f05e 832847f1 01bbefc0 ....^....G(.....
0x01bbef68: 76cd4b91 01bbef88 00000014 01bbf0d0 .K.v............
0x01bbef78: 0f508080 01bbf06c 6b637453 00000014 ..P.l...Stck....
0x01bbef88: 8bc3f05e 11d0d86b c00075a0 2088b64f ^...k....u..O.. 
0x01bbef98: 00000000 fffffffe 76cd570d 76cd4b20 .........W.v K.v
0x01bbefa8: 01bbf4f4 00000000 76cd4bb8 0217e260 .........K.v`...
0x01bbefb8: 8bc3f05e 00000000 01bbf364 76c13654 ^.......d...T6.v
0x01bbefc8: 76c1367c 00000000 76c1368c 00000000 |6.v.....6.v....
0x01bbefd8: 00000000 00000000 00000000 00000000 ................
0x01bbefe8: 00000000 00000000 00000000 2088b64f ............O.. 
0x01bbeff8: 00000000 fffffffe 76cd570d 76cd5cbc .........W.v.\.v
0x01bbf008: 76cd86b0 00000014 76cd6344 774b161a ...v....Dc.v..Kw
0x01bbf018: 01bbf100 00000040 01bbf078 01bbf074 ....@...x...t...
0x01bbf028: 774b175c 00000000 00000000 01bbf174 \.Kw........t...
0x01bbf038: 774b16a0 00000000 00000000 00000000 ..Kw............
0x01bbf048: 00000000 00000000 01bc1720 000007a0 ........ .......
0x01bbf058: 00000000 00000018 00000003 00000000 ................
0x01bbf068: 00000002 00000000 76de8608 00000000 ...........v....
0x01bbf078: 00000000 00000000 00000000 43a30000 ...............C
0x01bbf088: 00000000 01bbf14c 00000000 01bbf44c ....L.......L...
0x01bbf098: 00000000 00000000 00000000 00000000 ................
0x01bbf0a8: 76c136b0 76c136d8 00000000 00000000 .6.v.6.v........
0x01bbf0b8: 00000000 00000000 00000000 01bbefe8 ................
0x01bbf0c8: 00000000 76c136fc 76c13758 76c1376c .....6.vX7.vl7.v
0x01bbf0d8: 01bbebc4 00000000 00000001 00000000 ................
0x01bbf0e8: 00000000 00000000 00000000 00000000 ................
0x01bbf0f8: 00000000 00000000 76c13790 76c137c4 .........7.v.7.v
0x01bbf108: 01bbebc4 00000000 00000001 00000000 ................
0x01bbf118: 00000000 00000000 00000000 00000000 ................
0x01bbf128: 00000000 76c137e8 76c137f8 01bbebc4 .....7.v.7.v....
0x01bbf138: 00000000 00000001 8bc3f05e 11d0d86b ........^...k...
0x01bbf148: c00075a0 2088b64f 00000014 00000000 .u..O.. ........
0x01bbf158: 00000000 00000001 00000000 01bbf170 ............p...
0x01bbf168: 00000058 00070005 f309ad18 11d0d86a X...........j...
0x01bbf178: c00075a0 2088b64f 76cd570d 00000000 .u..O.. .W.v....
0x01bbf188: 43a3def6 00000000 76640000 00000001 ...C......dv....
0x01bbf198: 00000000 76640100 00000000 01bbf188 ......dv........
0x01bbf1a8: 00800000 01bbf510 774e5de0 354e58d2 .........]Nw.XN5
0x01bbf1b8: fffffffe 01bbf200 774ae3a5 00000001 ..........Jw....
0x01bbf1c8: 76640000 00000000 00000000 01bbf1f4 ..dv............
0x01bbf1d8: 020dbde0 00000000 00000000 020de228 ............(...
0x01bbf1e8: 774afc7a 01bbf238 76640000 76640100 z.Jw8.....dv..dv
0x01bbf1f8: 00000000 00002963 01bbf294 774f1479 ....c)......y.Ow
0x01bbf208: 00000009 01bbf2f0 76c1381c 76c1384c .........8.vL8.v
0x01bbf218: 01bbebc4 00000000 00000001 76c13870 ............p8.v
0x01bbf228: 00000000 00000000 00000000 00000000 ................
0x01bbf238: 0d19d560 00000000 00000000 00000000 `...............
0x01bbf248: 00000000 00000000 020f3ac8 00000000 .........:......
0x01bbf258: 00000000 76c13880 76c138b4 00000000 .....8.v.8.v....
0x01bbf268: 00000000 00000000 00000000 00000000 ................
0x01bbf278: 00000000 00000000 00000000 76c138d8 .............8.v
0x01bbf288: 76c13900 01bbebc4 00000000 00000001 .9.v............
0x01bbf298: 01bbe8d8 00000000 76c13924 76c13990 ........$9.v.9.v
0x01bbf2a8: 01bbebc4 00000000 00000001 774ae8da ..............Jw
0x01bbf2b8: 00000003 00000000 00000000 00000000 ................
0x01bbf2c8: 00000002 00000000 00000000 00000000 ................
0x01bbf2d8: 00000000 00000000 00000014 00000002 ................
0x01bbf2e8: 00000000 00000000 00000000 00000000 ................
0x01bbf2f8: 00000000 00000000 00000000 00000000 ................
0x01bbf308: 00000000 00000000 76c139b4 76c139d0 .........9.v.9.v
0x01bbf318: 00000000 00000000 00000000 00000000 ................
0x01bbf328: 00000000 c00075a0 76c139f4 76c13a08 .....u...9.v.:.v
0x01bbf338: 00000000 00000000 00000000 8bc3f05e ............^...
0x01bbf348: 00000000 00000000 76c13a2c 76c13a48 ........,:.vH:.v
0x01bbf358: 00000000 00000000 00000000 76cd99dc ...............v
0x01bbf368: 00000000 00000000 00000000 00000000 ................
0x01bbf378: 00000000 76cdbf3c 00000014 020de058 ....<..v....X...
0x01bbf388: 00000000 01fb01dc 0e6f05c8 05590000 ..........o...Y.
0x01bbf398: 774b69db 0564f560 00000000 774b67b7 .iKw`.d......gKw
0x01bbf3a8: 43a3dbb2 000000b8 6af86903 00000000 ...C.....i.j....
0x01bbf3b8: 05590000 000000b0 02000002 01bbf4e4 ..Y.............
0x01bbf3c8: 41e90f3e 463356c1 8b6ec381 70dd8bac >..A.V3F..n....p
0x01bbf3d8: 76c3fb1c 00000008 00000000 00000014 ...v............
0x01bbf3e8: 00000000 00000000 01bbf454 00000000 ........T.......
0x01bbf3f8: 774affe8 00000001 01bbf6d0 00000000 ..Jw............
0x01bbf408: 00000000 00000000 00000001 00000000 ................
0x01bbf418: 7757e9f8 00000000 00000000 00000000 ..Ww............
0x01bbf428: 00000000 00000000 00000000 01bbf594 ................
0x01bbf438: 00000000 00000000 80004005 80004002 .........@...@..
0x01bbf448: 01bbf608 00000000 00000000 00000000 ................
0x01bbf458: 00c13900 00000000 01bbebc0 76c98490 .9.............v
0x01bbf468: 00000000 00000000 00000000 00000000 ................
0x01bbf478: 00000000 00000000 f309ad18 11d0d86a ............j...
0x01bbf488: c00075a0 2088b64f 00000000 00000000 .u..O.. ........
0x01bbf498: 00000000 00000000 00000001 00000000 ................
0x01bbf4a8: 01bbf470 01bbf478 01bbf480 00000000 p...x...........
0x01bbf4b8: 00000000 00000000 00000000 00000000 ................
0x01bbf4c8: 00000000 00000000 00000000 00000000 ................
0x01bbf4d8: 00000000 00000000 00000000 8bc3f05e ............^...
0x01bbf4e8: 11d0d86b c00075a0 2088b64f 8bc3f05e k....u..O.. ^...
0x01bbf4f8: 11d0d86b c00075a0 2088b64f 83285d9d k....u..O.. .](.
0x01bbf508: 01bbf5bc 76cdb532 00000014 00000000 ....2..v........
0x01bbf518: 00000001 00000000 01bbf608 00000000 ................
0x01bbf528: 00000000 00000000 00000000 00000000 ................
0x01bbf538: 020de058 5b4111e8 00000000 00000000 X.....A[........
0x01bbf548: 00000000 01bbf608 00000000 00000000 ................
0x01bbf558: 00000000 00000000 00000000 021172e8 .............r..
0x01bbf568: 02147930 5b4132e8 01a40000 01a40000 0y...2A[........
0x01bbf578: 02147910 00000011 0214792c 0000003d .y......,y..=...
0x01bbf588: 01a40cac 00000000 01a401c0 00000020 ............ ...
0x01bbf598: 01a40ca8 01bbf5e0 01bbf5d8 774b4f7c ............|OKw
0x01bbf5a8: 00000004 00000000 00000002 83285da1 .............](.
0x01bbf5b8: 0d170bb8 01bbf5e0 76cfc79f 00000014 ...........v....
0x01bbf5c8: 00000000 00000001 01bbf608 00000000 ................
0x01bbf5d8: 0d170bb8 020de058 01bbf614 5b412069 ....X.......i A[
0x01bbf5e8: 5b4111e8 00000000 00000014 00000000 ..A[............
0x01bbf5f8: 00000001 01bbf608 00000000 00000000 ................
0x01bbf608: 5b4111f8 00000000 80004002 01bbf740 ..A[.....@..@...
0x01bbf618: 5b4123e3 01bbf668 00000001 00000000 .#A[h...........
0x01bbf628: 20faabf7 0d170bb8 0d170bb8 0f504624 ... ........$FP.
0x01bbf638: 00000000 00000000 00000000 00000000 ................
0x01bbf648: 00000000 00000000 00000000 00000000 ................
0x01bbf658: 00000000 00000000 dc12a687 11cf737f .............s..
0x01bbf668: 00000000 02147a50 01bbf694 00000000 ....Pz..........
0x01bbf678: 00000000 00000000 00000001 00000000 ................
0x01bbf688: 01bbf650 01bbf658 01bbf660 00000009 P...X...`.......
0x01bbf698: 00000000 0f5046e8 00000000 00000003 .....FP.........
0x01bbf6a8: 00000000 00000000 00000000 01bbf730 ............0...
0x01bbf6b8: 774afd52 01bbf6d0 01bbf84c 00000000 R.Jw....L.......
0x01bbf6c8: 00000000 020d0000 00000002 0f5046e8 .............FP.
0x01bbf6d8: 00000000 00000000 00000000 02147a50 ............Pz..
0x01bbf6e8: 00000000 0f5046e8 00000000 00000001 .....FP.........
0x01bbf6f8: 0d1709e4 00000000 01a40000 01a40000 ................
0x01bbf708: 02147a50 0d170bb8 000100dc 00000000 Pz..............
0x01bbf718: 00a4089c 00000000 01a401c4 00000000 ................
0x01bbf728: 01a40898 c0000135 20faabf7 01bbf7b8 ....5...... ....
0x01bbf738: 5b413f42 00000005 01bbf774 5b411ba9 B?A[....t.....A[
0x01bbf748: 0f504624 00000000 00000000 00000000 $FP.............
0x01bbf758: 00000000 00000000 00000000 01bbf84c ............L...
0x01bbf768: 5b413de0 0d170bb8 00000000 01bbf7c4 .=A[............
0x01bbf778: 5b412a1f 0f504624 00000000 00000000 .*A[$FP.........
0x01bbf788: 00000000 00000000 00000000 00000000 ................
0x01bbf798: 01bbf84c 20faab73 01bbf84c 02147980 L...s.. L....y..
0x01bbf7a8: 00000000 0d170bb8 00000000 20faab73 ............s.. 
0x01bbf7b8: 01bbfe44 5b413f83 ffffffff 01bbf804 D....?A[........
0x01bbf7c8: 00993bb2 02147980 0f504624 00000000 .;...y..$FP.....
0x01bbf7d8: 00000000 00000000 00000000 00000000 ................
0x01bbf7e8: 00000000 01bbf84c 0000000f 00000000 ....L...........
0x01bbf7f8: 00000010 040aeb00 02147980 01bbf850 .........y..P...
0x01bbf808: 00995baa 04d30330 00000000 040c40a0 .[..0........@..
0x01bbf818: 040c40a0 0188ef80 00000000 01bbf838 .@..........8...
0x01bbf828: 00986b04 040c40a0 00000000 04d30330 .k...@......0...
0x01bbf838: 01bbf848 00986bc2 00000000 0000000f H....k..........
0x01bbf848: 01bbf944 00000000 01bbf944 00e72895 D.......D....(..
0x01bbf858: 00000010 04d30330 00000000 01bbf87c ....0.......|...
0x01bbf868: 009853f5 040f3bb0 00000010 00000010 .S...;..........
0x01bbf878: 0188ef80 01bbf8b4 342e3575 3166312e ........u5.4.1f1
0x01bbf888: 00000000 0000002f 00000008 0000000f ..../...........
0x01bbf898: 00000030 040c40a0 0000002f 01bbf990 0....@../.......
0x01bbf8a8: 0000000f 00000020 0000002f 01bbf8d4 .... .../.......
0x01bbf8b8: 646e6957 5073776f 6579616c 00000072 WindowsPlayer...
0x01bbf8c8: 0000000d 0000000f 0000004b 040c40a0 ........K....@..
0x01bbf8d8: 0087f739 00000030 00000010 00000020 9...0....... ...
0x01bbf8e8: 0000002f 0161dea8 0000004b 01bbf928 /.....a.K...(...
0x01bbf8f8: 0087fd96 00000030 00000000 00000024 ....0.......$...
0x01bbf908: 04d30340 342e3500 3166312e 04d30300 @....5.4.1f1....
0x01bbf918: 01bbf904 00000000 0000000f 01bbf944 ............D...
0x01bbf928: 040f3a00 040f3bb0 040f3b20 00000024 .:...;.. ;..$...
0x01bbf938: 00000000 0000000f 00000000 01bbf94c ............L...
0x01bbf948: 00e71d2a 01bbf95c 00e72467 00000001 *...\...g$......
0x01bbf958: 04d30330 01bbf9ec 00e73a68 01bbf990 0.......h:......
0x01bbf968: 00000001 04d30330 00000000 00000000 ....0...........
0x01bbf978: 00000000 43a3d70e 01bbf9d4 00000000 .......C........
0x01bbf988: 0000000f 774ddcdc 040f3b20 00000700 ......Mw ;......
0x01bbf998: b1b9eb20 00000002 00000024 0000002f  .......$.../...
0x01bbf9a8: 00000010 01bbf900 00986b04 040f3b20 .........k.. ;..
0x01bbf9b8: b1b9eb20 00000000 0000000f 01bbfe44  ...........D...
0x01bbf9c8: 040f3a60 c70a26cc fffffffe 01bbfa10 `:...&..........
0x01bbf9d8: 00000024 0000002f 016c1e75 04d30330 $.../...u.l.0...
0x01bbf9e8: 01bbf9fc 01bbf9fc 00e73b55 00000000 ........U;......
0x01bbf9f8: 018485f0 01bbfa18 00e73bcf 00000001 .........;......
0x01bbfa08: 6dbc75ef 6dbc75ef 00000000 00000000 .u.m.u.m........
0x01bbfa18: 01bbfa4c 00e70db5 04d30330 00000001 L.......0.......
0x01bbfa28: 6dbc75ef 6dbc75ef 00000000 00000000 .u.m.u.m........
0x01bbfa38: 016c1e75 04d302d8 00000000 018485f0 u.l.............
0x01bbfa48: 00000000 01bbfab4 00e71984 00000001 ................
0x01bbfa58: 6dbc75ef 6dbc75ef 00000000 00000000 .u.m.u.m........
0x01bbfa68: 00000002 00000003 018452d0 040eee00 .........R......
0x01bbfa78: 040eeeb0 040c23b0 01bbfaf0 00000000 .....#..........
0x01bbfa88: 0000000f 00000002 040f3a60 01bbfa84 ........`:......
0x01bbfa98: 01bbfe44 00000000 00000021 0000002f D.......!.../...
0x01bbfaa8: 01bbfac4 c385e972 00000000 01bbfac0 ....r...........
0x01bbfab8: 00e71ada 00000001 01bbfae8 00abf8a0 ................
0x01bbfac8: 04d302d8 ffffffbc 0471ca50 00000002 ........P.q.....
0x01bbfad8: 0471ca50 040bf601 0471c9c0 018452ac P.q.......q..R..
0x01bbfae8: 01bbfb50 00ac05cf ffffffbc 0471ca50 P...........P.q.
0x01bbfaf8: 00000002 040bf5e0 0471c9c0 040bf601 ..........q.....
0x01bbfb08: 040eed50 040eed50 00000000 0471ca14 P...P.........q.
0x01bbfb18: 01bbfb2c 040eed70 00000000 040eed50 ,...p.......P...
0x01bbfb28: 00000000 01bbfb3c 00986b60 040eed50 ....<...`k..P...

Module 1
C:\WINDOWS\SYSTEM32\xinput1_3.dll
Image Base: 0x00400000  Image Size: 0x00016000
File Size:  81768       File Time:  2007-04-04_185342
Version:
   Company:    Microsoft Corporation
   Product:    Microsoft® DirectX for Windows®
   FileDesc:   Microsoft Common Controller API
   FileVer:    9.18.944.0
   ProdVer:    9.18.944.0

Module 2
D:\Chisto Moya Papka!!!\Games\MyGames\Project MysteryMine\ProjectMysteryMine\Builds\MisteryMine.exe
Image Base: 0x00870000  Image Size: 0x011b8000
File Size:  17729536    File Time:  2016-09-01_133248
Version:
   Company:    
   Product:    
   FileDesc:   
   FileVer:    5.4.1.40776
   ProdVer:    5.4.1.40776

Module 3
C:\WINDOWS\SYSTEM32\wdmaud.drv
Image Base: 0x0de60000  Image Size: 0x00039000
File Size:  207360      File Time:  2016-07-16_144250
Version:
   Company:    Microsoft Corporation
   Product:    Îïåðàöèîííàÿ ñèñòåìà Microsoft® Windows®
   FileDesc:   Ñèñòåìíûé çâóêîâîé äðàéâåð Winmm
   FileVer:    10.0.14393.0
   ProdVer:    10.0.14393.0

Module 4
D:\Chisto Moya Papka!!!\Games\MyGames\Project MysteryMine\ProjectMysteryMine\Builds\MisteryMine_Data\Mono\mono.dll
Image Base: 0x10000000  Image Size: 0x00230000
File Size:  2113496     File Time:  2016-09-01_133800
Version:
   Company:    Unity Technologies
   Product:    libmono
   FileDesc:   Unity Technologies fork of mono runtime
   FileVer:    1.0.0.1
   ProdVer:    1.0.0.1

Module 5
C:\WINDOWS\SYSTEM32\DDRAW.dll
Image Base: 0x50bd0000  Image Size: 0x000ed000
File Size:  547840      File Time:  2016-07-16_144306
Version:
   Company:    Microsoft Corporation
   Product:    Îïåðàöèîííàÿ ñèñòåìà Microsoft® Windows®
   FileDesc:   Microsoft DirectDraw
   FileVer:    10.0.14393.0
   ProdVer:    10.0.14393.0

Module 6
C:\WINDOWS\SYSTEM32\wbemcomn.dll
Image Base: 0x55e30000  Image Size: 0x00067000
File Size:  391168      File Time:  2016-07-16_144258
Version:
   Company:    Microsoft Corporation
   Product:    Microsoft® Windows® Operating System
   FileDesc:   WMI
   FileVer:    10.0.14393.0
   ProdVer:    10.0.14393.0

Module 7
C:\WINDOWS\system32\wbem\wbemsvc.dll
Image Base: 0x5b400000  Image Size: 0x00010000
File Size:  48640       File Time:  2016-07-16_144258
Version:
   Company:    Microsoft Corporation
   Product:    Microsoft® Windows® Operating System
   FileDesc:   WMI
   FileVer:    10.0.14393.0
   ProdVer:    10.0.14393.0

Module 8
C:\WINDOWS\system32\wbem\wbemprox.dll
Image Base: 0x5b410000  Image Size: 0x0000d000
File Size:  35328       File Time:  2016-07-16_144258
Version:
   Company:    Microsoft Corporation
   Product:    Microsoft® Windows® Operating System
   FileDesc:   WMI
   FileVer:    10.0.14393.0
   ProdVer:    10.0.14393.0

Module 9
C:\WINDOWS\SYSTEM32\midimap.dll
Image Base: 0x621b0000  Image Size: 0x00008000
File Size:  18944       File Time:  2016-07-16_144250
Version:
   Company:    Microsoft Corporation
   Product:    Microsoft® Windows® Operating System
   FileDesc:   Microsoft MIDI Mapper
   FileVer:    10.0.14393.0
   ProdVer:    10.0.14393.0

Module 10
C:\WINDOWS\SYSTEM32\msacm32.drv
Image Base: 0x62230000  Image Size: 0x0000a000
File Size:  24576       File Time:  2016-07-16_144250
Version:
   Company:    Microsoft Corporation
   Product:    Îïåðàöèîííàÿ ñèñòåìà Microsoft® Windows®
   FileDesc:   Ïðîãðàììà ïåðåíàçíà÷åíèÿ çâóêîâûõ óñòðîéñòâ
   FileVer:    10.0.14393.0
   ProdVer:    10.0.14393.0

Module 11
C:\WINDOWS\SYSTEM32\GLU32.dll
Image Base: 0x62330000  Image Size: 0x00025000
File Size:  141312      File Time:  2016-07-16_144306
Version:
   Company:    Microsoft Corporation
   Product:    Îïåðàöèîííàÿ ñèñòåìà Microsoft® Windows®
   FileDesc:   Áèáëèîòåêà ïîäïðîãðàìì OpenGL
   FileVer:    10.0.14393.0
   ProdVer:    10.0.14393.0

Module 12
C:\WINDOWS\SYSTEM32\DCIMAN32.dll
Image Base: 0x627b0000  Image Size: 0x00007000
File Size:  11776       File Time:  2016-07-16_144250
Version:
   Company:    Microsoft Corporation
   Product:    Microsoft® Windows® Operating System
   FileDesc:   DCI Manager
   FileVer:    10.0.14393.0
   ProdVer:    10.0.14393.0

Module 13
C:\WINDOWS\SYSTEM32\MSACM32.dll
Image Base: 0x62d40000  Image Size: 0x00018000
File Size:  90912       File Time:  2016-07-16_144250
Version:
   Company:    Microsoft Corporation
   Product:    Îïåðàöèîííàÿ ñèñòåìà Microsoft® Windows®
   FileDesc:   Ôèëüòð äèñïåò÷åðà àóäèîñæàòèÿ Microsoft
   FileVer:    10.0.14393.0
   ProdVer:    10.0.14393.0

Module 14
C:\WINDOWS\SYSTEM32\igdusc32.dll
Image Base: 0x632b0000  Image Size: 0x008c1000
File Size:  5099192     File Time:  2016-05-27_085338
Version:
   Company:    Intel Corporation
   Product:    Intel HD Graphics Drivers for Windows(R)
   FileDesc:   Unified Shader Compiler for Intel(R) Graphics Accelerator
   FileVer:    20.19.15.4444
   ProdVer:    20.19.15.4444

Module 15
C:\WINDOWS\SYSTEM32\igd10iumd32.dll
Image Base: 0x63b80000  Image Size: 0x00b14000
File Size:  11858784    File Time:  2016-05-27_085336
Version:
   Company:    Intel Corporation
   Product:    Intel HD Graphics Drivers for Windows(R)
   FileDesc:   User Mode Driver for Intel(R) Graphics Technology
   FileVer:    20.19.15.4444
   ProdVer:    20.19.15.4444

Module 16
C:\WINDOWS\SYSTEM32\dxgi.dll
Image Base: 0x66030000  Image Size: 0x00084000
File Size:  527880      File Time:  2016-07-16_144250
Version:
   Company:    Microsoft Corporation
   Product:    Microsoft® Windows® Operating System
   FileDesc:   DirectX Graphics Infrastructure
   FileVer:    10.0.14393.0
   ProdVer:    10.0.14393.0

Module 17
C:\WINDOWS\SYSTEM32\d3d11.dll
Image Base: 0x660c0000  Image Size: 0x00230000
File Size:  2277800     File Time:  2016-07-16_144250
Version:
   Company:    Microsoft Corporation
   Product:    Microsoft® Windows® Operating System
   FileDesc:   Direct3D 11 Runtime
   FileVer:    10.0.14393.0
   ProdVer:    10.0.14393.0

Module 18
C:\WINDOWS\SYSTEM32\OPENGL32.dll
Image Base: 0x683f0000  Image Size: 0x000e0000
File Size:  786944      File Time:  2016-07-16_144306
Version:
   Company:    Microsoft Corporation
   Product:    Microsoft® Windows® Operating System
   FileDesc:   OpenGL Client DLL
   FileVer:    10.0.14393.0
   ProdVer:    10.0.14393.0

Module 19
C:\WINDOWS\SYSTEM32\NTASN1.dll
Image Base: 0x6a140000  Image Size: 0x0002b000
File Size:  173008      File Time:  2016-07-16_144256
Version:
   Company:    Microsoft Corporation
   Product:    Microsoft® Windows® Operating System
   FileDesc:   Microsoft ASN.1 API
   FileVer:    10.0.14393.0
   ProdVer:    10.0.14393.0

Module 20
C:\WINDOWS\SYSTEM32\ncrypt.dll
Image Base: 0x6a170000  Image Size: 0x00020000
File Size:  120384      File Time:  2016-07-16_144256
Version:
   Company:    Microsoft Corporation
   Product:    Îïåðàöèîííàÿ ñèñòåìà Microsoft® Windows®
   FileDesc:   Ìàðøðóòèçàòîð Windows NCrypt
   FileVer:    10.0.14393.0
   ProdVer:    10.0.14393.0

Module 21
C:\WINDOWS\SYSTEM32\ksuser.dll
Image Base: 0x6aa10000  Image Size: 0x00007000
File Size:  20672       File Time:  2016-07-16_144250
Version:
   Company:    Microsoft Corporation
   Product:    Microsoft® Windows® Operating System
   FileDesc:   User CSA Library
   FileVer:    10.0.14393.0
   ProdVer:    10.0.14393.0

Module 22
C:\WINDOWS\SYSTEM32\dbghelp.dll
Image Base: 0x6ab70000  Image Size: 0x00145000
File Size:  1220608     File Time:  2016-07-16_144258
Version:
   Company:    Microsoft
   Product:    Microsoft® Windows® Operating System
   FileDesc:   Windows Image Helper
   FileVer:    10.0.14321.1024
   ProdVer:    10.0.14321.1024

Module 23
C:\WINDOWS\SYSTEM32\WINMMBASE.dll
Image Base: 0x6b800000  Image Size: 0x00023000
File Size:  131208      File Time:  2016-07-16_144250
Version:
   Company:    Microsoft Corporation
   Product:    Microsoft® Windows® Operating System
   FileDesc:   Base Multimedia Extension API DLL
   FileVer:    10.0.14393.0
   ProdVer:    10.0.14393.0

Module 24
C:\WINDOWS\SYSTEM32\WINMM.dll
Image Base: 0x6b830000  Image Size: 0x00024000
File Size:  135376      File Time:  2016-07-16_144250
Version:
   Company:    Microsoft Corporation
   Product:    Îïåðàöèîííàÿ ñèñòåìà Microsoft® Windows®
   FileDesc:   MCI API DLL
   FileVer:    10.0.14393.0
   ProdVer:    10.0.14393.0

Module 25
C:\WINDOWS\SYSTEM32\wintypes.dll
Image Base: 0x6c060000  Image Size: 0x000cf000
File Size:  846560      File Time:  2016-09-15_202056
Version:
   Company:    Microsoft Corporation
   Product:    Îïåðàöèîííàÿ ñèñòåìà Microsoft® Windows®
   FileDesc:   Áèáëèîòåêà DLL îñíîâíûõ òèïîâ Windows
   FileVer:    10.0.14393.206
   ProdVer:    10.0.14393.206

Module 26
C:\WINDOWS\SYSTEM32\dhcpcsvc.DLL
Image Base: 0x6d680000  Image Size: 0x00014000
File Size:  63488       File Time:  2016-07-16_144256
Version:
   Company:    Microsoft Corporation
   Product:    Îïåðàöèîííàÿ ñèñòåìà Microsoft® Windows®
   FileDesc:   Ñëóæáà DHCP-êëèåíòà
   FileVer:    10.0.14393.0
   ProdVer:    10.0.14393.0

Module 27
C:\WINDOWS\System32\fwpuclnt.dll
Image Base: 0x6d6a0000  Image Size: 0x00049000
File Size:  279040      File Time:  2016-07-16_144256
Version:
   Company:    Microsoft Corporation
   Product:    Îïåðàöèîííàÿ ñèñòåìà Microsoft® Windows®
   FileDesc:   API ïîëüçîâàòåëüñêîãî ðåæèìà FWP/IPsec
   FileVer:    10.0.14393.0
   ProdVer:    10.0.14393.0

Module 28
C:\WINDOWS\SYSTEM32\dhcpcsvc6.DLL
Image Base: 0x6d6f0000  Image Size: 0x00013000
File Size:  57344       File Time:  2016-07-16_144256
Version:
   Company:    Microsoft Corporation
   Product:    Îïåðàöèîííàÿ ñèñòåìà Microsoft® Windows®
   FileDesc:   Êëèåíò DHCPv6
   FileVer:    10.0.14393.0
   ProdVer:    10.0.14393.0

Module 29
C:\Windows\System32\rasadhlp.dll
Image Base: 0x6d800000  Image Size: 0x00008000
File Size:  13312       File Time:  2016-07-16_144302
Version:
   Company:    Microsoft Corporation
   Product:    Microsoft® Windows® Operating System
   FileDesc:   Remote Access AutoDial Helper
   FileVer:    10.0.14393.0
   ProdVer:    10.0.14393.0

Module 30
C:\Program Files (x86)\Bonjour\mdnsNSP.dll
Image Base: 0x6d810000  Image Size: 0x00021000
File Size:  122128      File Time:  2015-08-12_160338
Version:
   Company:    Apple Inc.
   Product:    Bonjour
   FileDesc:   Bonjour Namespace Provider
   FileVer:    3.1.0.1
   ProdVer:    3.1.0.1

Module 31
C:\WINDOWS\SYSTEM32\DNSAPI.dll
Image Base: 0x6d870000  Image Size: 0x0007c000
File Size:  496872      File Time:  2016-09-15_203716
Version:
   Company:    Microsoft Corporation
   Product:    Îïåðàöèîííàÿ ñèñòåìà Microsoft® Windows®
   FileDesc:   Äèíàìè÷åñêàÿ áèáëèîòåêà API DNS-êëèåíòà
   FileVer:    10.0.14393.206
   ProdVer:    10.0.14393.206

Module 32
C:\WINDOWS\SYSTEM32\HID.DLL
Image Base: 0x6f220000  Image Size: 0x0000a000
File Size:  25600       File Time:  2016-07-16_144250
Version:
   Company:    Microsoft Corporation
   Product:    Îïåðàöèîííàÿ ñèñòåìà Microsoft® Windows®
   FileDesc:   Áèáëèîòåêà ïîëüçîâàòåëÿ HID
   FileVer:    10.0.14393.0
   ProdVer:    10.0.14393.0

Module 33
C:\WINDOWS\SYSTEM32\AVRT.dll
Image Base: 0x6f280000  Image Size: 0x00009000
File Size:  29448       File Time:  2016-07-16_144250
Version:
   Company:    Microsoft Corporation
   Product:    Microsoft® Windows® Operating System
   FileDesc:   Multimedia Realtime Runtime
   FileVer:    10.0.14393.0
   ProdVer:    10.0.14393.0

Module 34
C:\WINDOWS\SYSTEM32\AUDIOSES.DLL
Image Base: 0x6f290000  Image Size: 0x0007b000
File Size:  484584      File Time:  2016-09-15_211442
Version:
   Company:    Microsoft Corporation
   Product:    Îïåðàöèîííàÿ ñèñòåìà Microsoft® Windows®
   FileDesc:   Ñåàíñ îáðàáîòêè çâóêà
   FileVer:    10.0.14393.206
   ProdVer:    10.0.14393.206

Module 35
C:\WINDOWS\System32\MMDevApi.dll
Image Base: 0x6f310000  Image Size: 0x00058000
File Size:  352768      File Time:  2016-07-16_144250
Version:
   Company:    Microsoft Corporation
   Product:    Îïåðàöèîííàÿ ñèñòåìà Microsoft® Windows®
   FileDesc:   MMDevice API
   FileVer:    10.0.14393.0
   ProdVer:    10.0.14393.0

Module 36
C:\WINDOWS\system32\dwmapi.dll
Image Base: 0x6f390000  Image Size: 0x0001f000
File Size:  113504      File Time:  2016-09-15_201352
Version:
   Company:    Microsoft Corporation
   Product:    Îïåðàöèîííàÿ ñèñòåìà Microsoft® Windows®
   FileDesc:   Èíòåðôåéñ API äèñïåò÷åðà îêîí ðàáî÷åãî ñòîëà (Ìàéêðîñîôò)
   FileVer:    10.0.14393.206
   ProdVer:    10.0.14393.206

Module 37
C:\WINDOWS\WinSxS\x86_microsoft.windows.common-controls_6595b64144ccf1df_6.0.14393.0_none_74bc87d3d22d9abe\comctl32.dll
Image Base: 0x70f00000  Image Size: 0x0020a000
File Size:  2121568     File Time:  2016-07-16_144306
Version:
   Company:    Microsoft Corporation
   Product:    Îïåðàöèîííàÿ ñèñòåìà Microsoft® Windows®
   FileDesc:   Áèáëèîòåêà ýëåìåíòîâ óïðàâëåíèÿ âçàèìîäåéñòâèÿ ñ ïîëüçîâàòåëåì
   FileVer:    6.10.14393.0
   ProdVer:    10.0.14393.0

Module 38
C:\WINDOWS\SYSTEM32\bcrypt.dll
Image Base: 0x71d60000  Image Size: 0x0001b000
File Size:  106896      File Time:  2016-07-16_144256
Version:
   Company:    Microsoft Corporation
   Product:    Îïåðàöèîííàÿ ñèñòåìà Microsoft® Windows®
   FileDesc:   Áèáëèîòåêà êðèïòîãðàôè÷åñêèõ ïðèìèòèâîâ Windows
   FileVer:    10.0.14393.0
   ProdVer:    10.0.14393.0

Module 39
C:\WINDOWS\system32\rsaenh.dll
Image Base: 0x71d80000  Image Size: 0x0002f000
File Size:  184416      File Time:  2016-07-16_144256
Version:
   Company:    Microsoft Corporation
   Product:    Microsoft® Windows® Operating System
   FileDesc:   Microsoft Enhanced Cryptographic Provider
   FileVer:    10.0.14393.0
   ProdVer:    10.0.14393.0

Module 40
C:\WINDOWS\SYSTEM32\CRYPTSP.dll
Image Base: 0x71db0000  Image Size: 0x00013000
File Size:  68720       File Time:  2016-07-16_144256
Version:
   Company:    Microsoft Corporation
   Product:    Microsoft® Windows® Operating System
   FileDesc:   Cryptographic Service Provider API
   FileVer:    10.0.14393.0
   ProdVer:    10.0.14393.0

Module 41
C:\WINDOWS\System32\PROPSYS.dll
Image Base: 0x73780000  Image Size: 0x0014f000
File Size:  1375456     File Time:  2016-07-16_144256
Version:
   Company:    Microsoft Corporation
   Product:    Ñëóæáà Windows® Search
   FileDesc:   Ñèñòåìà ñòðàíèö ñâîéñòâ (Ìàéêðîñîôò)
   FileVer:    7.0.14393.0
   ProdVer:    7.0.14393.0

Module 42
C:\WINDOWS\SYSTEM32\ntmarta.dll
Image Base: 0x73b90000  Image Size: 0x00028000
File Size:  154432      File Time:  2016-07-16_144256
Version:
   Company:    Microsoft Corporation
   Product:    Îïåðàöèîííàÿ ñèñòåìà Microsoft® Windows®
   FileDesc:   Ïîñòàâùèê Windows NT MARTA
   FileVer:    10.0.14393.0
   ProdVer:    10.0.14393.0

Module 43
C:\WINDOWS\SYSTEM32\MSWSOCK.dll
Image Base: 0x73bc0000  Image Size: 0x0004e000
File Size:  306016      File Time:  2016-07-16_144256
Version:
   Company:    Microsoft Corporation
   Product:    Îïåðàöèîííàÿ ñèñòåìà Microsoft® Windows®
   FileDesc:   Ðàñøèðåíèå ïîñòàâùèêà ñëóæáû API Microsoft Windows Sockets 2.0
   FileVer:    10.0.14393.0
   ProdVer:    10.0.14393.0

Module 44
C:\WINDOWS\SYSTEM32\IPHLPAPI.DLL
Image Base: 0x73c10000  Image Size: 0x0002f000
File Size:  184416      File Time:  2016-07-16_144256
Version:
   Company:    Microsoft Corporation
   Product:    Îïåðàöèîííàÿ ñèñòåìà Microsoft® Windows®
   FileDesc:   API âñïîìîãàòåëüíîãî ïðèëîæåíèÿ IP
   FileVer:    10.0.14393.0
   ProdVer:    10.0.14393.0

Module 45
C:\WINDOWS\SYSTEM32\WINHTTP.dll
Image Base: 0x73d40000  Image Size: 0x0009f000
File Size:  631808      File Time:  2016-07-16_144256
Version:
   Company:    Microsoft Corporation
   Product:    Îïåðàöèîííàÿ ñèñòåìà Microsoft® Windows®
   FileDesc:   Ñëóæáû HTTP Windows
   FileVer:    10.0.14393.0
   ProdVer:    10.0.14393.0

Module 46
C:\WINDOWS\SYSTEM32\VERSION.dll
Image Base: 0x73de0000  Image Size: 0x00008000
File Size:  27360       File Time:  2016-07-16_144306
Version:
   Company:    Microsoft Corporation
   Product:    Microsoft® Windows® Operating System
   FileDesc:   Version Checking and File Installation Libraries
   FileVer:    10.0.14393.0
   ProdVer:    10.0.14393.0

Module 47
C:\WINDOWS\system32\uxtheme.dll
Image Base: 0x73df0000  Image Size: 0x00075000
File Size:  457728      File Time:  2016-07-16_144306
Version:
   Company:    Microsoft Corporation
   Product:    Îïåðàöèîííàÿ ñèñòåìà Microsoft® Windows®
   FileDesc:   Áèáëèîòåêà òåì UxTheme (Microsoft)
   FileVer:    10.0.14393.0
   ProdVer:    10.0.14393.0

Module 48
C:\WINDOWS\System32\DEVOBJ.dll
Image Base: 0x73e70000  Image Size: 0x00022000
File Size:  132232      File Time:  2016-07-16_144256
Version:
   Company:    Microsoft Corporation
   Product:    Microsoft® Windows® Operating System
   FileDesc:   Device Information Set DLL
   FileVer:    10.0.14393.0
   ProdVer:    10.0.14393.0

Module 49
C:\WINDOWS\System32\CRYPTBASE.dll
Image Base: 0x73f20000  Image Size: 0x0000a000
File Size:  31528       File Time:  2016-07-16_144250
Version:
   Company:    Microsoft Corporation
   Product:    Microsoft® Windows® Operating System
   FileDesc:   Base cryptographic API DLL
   FileVer:    10.0.14393.0
   ProdVer:    10.0.14393.0

Module 50
C:\WINDOWS\System32\SspiCli.dll
Image Base: 0x73f30000  Image Size: 0x0001e000
File Size:  117240      File Time:  2016-09-07_080758
Version:
   Company:    Microsoft Corporation
   Product:    Microsoft® Windows® Operating System
   FileDesc:   Security Support Provider Interface
   FileVer:    10.0.14393.187
   ProdVer:    10.0.14393.187

Module 51
C:\WINDOWS\System32\sechost.dll
Image Base: 0x73f50000  Image Size: 0x00041000
File Size:  255168      File Time:  2016-07-16_144250
Version:
   Company:    Microsoft Corporation
   Product:    Microsoft® Windows® Operating System
   FileDesc:   Host for SCM/SDDL/LSA Lookup APIs
   FileVer:    10.0.14393.0
   ProdVer:    10.0.14393.0

Module 52
C:\WINDOWS\System32\shcore.dll
Image Base: 0x73fa0000  Image Size: 0x00088000
File Size:  549088      File Time:  2016-07-16_144244
Version:
   Company:    Microsoft Corporation
   Product:    Îïåðàöèîííàÿ ñèñòåìà Microsoft® Windows®
   FileDesc:   SHCORE
   FileVer:    10.0.14393.0
   ProdVer:    10.0.14393.0

Module 53
C:\WINDOWS\System32\gdi32full.dll
Image Base: 0x74030000  Image Size: 0x0015b000
File Size:  1415752     File Time:  2016-09-15_201404
Version:
   Company:    Microsoft Corporation
   Product:    Microsoft® Windows® Operating System
   FileDesc:   GDI Client DLL
   FileVer:    10.0.14393.206
   ProdVer:    10.0.14393.206

Module 54
C:\WINDOWS\System32\ucrtbase.dll
Image Base: 0x74190000  Image Size: 0x000e0000
File Size:  918304      File Time:  2016-07-16_144256
Version:
   Company:    Microsoft Corporation
   Product:    Microsoft® Windows® Operating System
   FileDesc:   Microsoft® C Runtime Library
   FileVer:    10.0.14393.0
   ProdVer:    10.0.14393.0

Module 55
C:\WINDOWS\System32\kernel.appcore.dll
Image Base: 0x74270000  Image Size: 0x0000d000
File Size:  43416       File Time:  2016-07-16_144256
Version:
   Company:    Microsoft Corporation
   Product:    Microsoft® Windows® Operating System
   FileDesc:   AppModel API Host
   FileVer:    10.0.14393.0
   ProdVer:    10.0.14393.0

Module 56
C:\WINDOWS\System32\win32u.dll
Image Base: 0x74320000  Image Size: 0x00015000
File Size:  79536       File Time:  2016-08-02_074722
Version:
   Company:    Microsoft Corporation
   Product:    Microsoft® Windows® Operating System
   FileDesc:   Win32u
   FileVer:    10.0.14393.51
   ProdVer:    10.0.14393.51

Module 57
C:\WINDOWS\System32\PSAPI.DLL
Image Base: 0x74340000  Image Size: 0x00006000
File Size:  17048       File Time:  2016-07-16_144246
Version:
   Company:    Microsoft Corporation
   Product:    Microsoft® Windows® Operating System
   FileDesc:   Process Status Helper
   FileVer:    10.0.14393.0
   ProdVer:    10.0.14393.0

Module 58
C:\WINDOWS\System32\SHLWAPI.dll
Image Base: 0x74350000  Image Size: 0x00046000
File Size:  284056      File Time:  2016-07-16_144304
Version:
   Company:    Microsoft Corporation
   Product:    Îïåðàöèîííàÿ ñèñòåìà Microsoft® Windows®
   FileDesc:   Áèáëèîòåêà íåáîëüøèõ ïðîãðàìì îáîëî÷êè
   FileVer:    10.0.14393.0
   ProdVer:    10.0.14393.0

Module 59
C:\WINDOWS\System32\msvcp_win.dll
Image Base: 0x74460000  Image Size: 0x0007b000
File Size:  498408      File Time:  2016-07-16_144256
Version:
   Company:    Microsoft Corporation
   Product:    Microsoft® Windows® Operating System
   FileDesc:   Microsoft® C Runtime Library
   FileVer:    10.0.14393.0
   ProdVer:    10.0.14393.0

Module 60
C:\WINDOWS\System32\windows.storage.dll
Image Base: 0x744e0000  Image Size: 0x0056e000
File Size:  5722320     File Time:  2016-09-15_202242
Version:
   Company:    Microsoft Corporation
   Product:    Îïåðàöèîííàÿ ñèñòåìà Microsoft® Windows®
   FileDesc:   API õðàíåíèÿ Microsoft WinRT
   FileVer:    10.0.14393.206
   ProdVer:    10.0.14393.206

Module 61
C:\WINDOWS\System32\ADVAPI32.dll
Image Base: 0x74a50000  Image Size: 0x00077000
File Size:  482392      File Time:  2016-07-16_144250
Version:
   Company:    Microsoft Corporation
   Product:    Îïåðàöèîííàÿ ñèñòåìà Microsoft® Windows®
   FileDesc:   Ðàñøèðåííàÿ áèáëèîòåêà API Windows 32
   FileVer:    10.0.14393.0
   ProdVer:    10.0.14393.0

Module 62
C:\WINDOWS\System32\IMM32.dll
Image Base: 0x74c20000  Image Size: 0x00025000
File Size:  144632      File Time:  2016-07-16_144250
Version:
   Company:    Microsoft Corporation
   Product:    Microsoft® Windows® Operating System
   FileDesc:   Multi-User Windows IMM32 API Client DLL
   FileVer:    10.0.14393.0
   ProdVer:    10.0.14393.0

Module 63
C:\WINDOWS\System32\bcryptPrimitives.dll
Image Base: 0x74df0000  Image Size: 0x0005a000
File Size:  367208      File Time:  2016-07-16_144228
Version:
   Company:    Microsoft Corporation
   Product:    Microsoft® Windows® Operating System
   FileDesc:   Windows Cryptographic Primitives Library
   FileVer:    10.0.14393.0
   ProdVer:    10.0.14393.0

Module 64
C:\WINDOWS\System32\WS2_32.dll
Image Base: 0x74e50000  Image Size: 0x00063000
File Size:  402352      File Time:  2016-09-15_203706
Version:
   Company:    Microsoft Corporation
   Product:    Îïåðàöèîííàÿ ñèñòåìà Microsoft® Windows®
   FileDesc:   32-ðàçðÿäíàÿ áèáëèîòåêà Windows Socket 2.0
   FileVer:    10.0.14393.206
   ProdVer:    10.0.14393.206

Module 65
C:\WINDOWS\System32\powrprof.dll
Image Base: 0x75030000  Image Size: 0x00045000
File Size:  275832      File Time:  2016-07-16_144256
Version:
   Company:    Microsoft Corporation
   Product:    Îïåðàöèîííàÿ ñèñòåìà Microsoft® Windows®
   FileDesc:   DLL ìîäóëÿ ïîääåðæêè ïðîôèëÿ óïðàâëåíèÿ ïèòàíèåì
   FileVer:    10.0.14393.0
   ProdVer:    10.0.14393.0

Module 66
C:\WINDOWS\System32\KERNEL32.DLL
Image Base: 0x75080000  Image Size: 0x000e0000
File Size:  616048      File Time:  2016-07-16_144246
Version:
   Company:    Microsoft Corporation
   Product:    Îïåðàöèîííàÿ ñèñòåìà Microsoft® Windows®
   FileDesc:   Áèáëèîòåêà êëèåíòà Windows NT BASE API
   FileVer:    10.0.14393.0
   ProdVer:    10.0.14393.0

Module 67
C:\WINDOWS\System32\GDI32.dll
Image Base: 0x75160000  Image Size: 0x0002b000
File Size:  170960      File Time:  2016-09-15_202320
Version:
   Company:    Microsoft Corporation
   Product:    Microsoft® Windows® Operating System
   FileDesc:   GDI Client DLL
   FileVer:    10.0.14393.206
   ProdVer:    10.0.14393.206

Module 68
C:\WINDOWS\System32\msvcrt.dll
Image Base: 0x75190000  Image Size: 0x000be000
File Size:  773168      File Time:  2016-07-16_144250
Version:
   Company:    Microsoft Corporation
   Product:    Microsoft® Windows® Operating System
   FileDesc:   Windows NT CRT DLL
   FileVer:    7.0.14393.0
   ProdVer:    10.0.14393.0

Module 69
C:\WINDOWS\System32\SHELL32.dll
Image Base: 0x75250000  Image Size: 0x013d7000
File Size:  20965240    File Time:  2016-10-05_124544
Version:
   Company:    Microsoft Corporation
   Product:    Îïåðàöèîííàÿ ñèñòåìà Microsoft® Windows®
   FileDesc:   Îáùàÿ áèáëèîòåêà îáîëî÷êè Windows
   FileVer:    10.0.14393.321
   ProdVer:    10.0.14393.321

Module 70
C:\WINDOWS\System32\OLEAUT32.dll
Image Base: 0x76640000  Image Size: 0x00094000
File Size:  601200      File Time:  2016-09-07_083042
Version:
   Company:    Microsoft Corporation
   Product:    
   FileDesc:   
   FileVer:    10.0.14393.187
   ProdVer:    10.0.14393.187

Module 71
C:\WINDOWS\System32\SETUPAPI.dll
Image Base: 0x766e0000  Image Size: 0x0040b000
File Size:  4268368     File Time:  2016-07-16_144246
Version:
   Company:    Microsoft Corporation
   Product:    Îïåðàöèîííàÿ ñèñòåìà Microsoft® Windows®
   FileDesc:   Windows Setup API
   FileVer:    10.0.14393.0
   ProdVer:    10.0.14393.0

Module 72
C:\WINDOWS\System32\RPCRT4.dll
Image Base: 0x76af0000  Image Size: 0x000c1000
File Size:  790760      File Time:  2016-08-06_071746
Version:
   Company:    Microsoft Corporation
   Product:    Îïåðàöèîííàÿ ñèñòåìà Microsoft® Windows®
   FileDesc:   Áèáëèîòåêà óäàëåííîãî âûçîâà ïðîöåäóð
   FileVer:    10.0.14393.82
   ProdVer:    10.0.14393.82

Module 73
C:\WINDOWS\System32\combase.dll
Image Base: 0x76c10000  Image Size: 0x00211000
File Size:  2166232     File Time:  2016-09-07_081552
Version:
   Company:    Microsoft Corporation
   Product:    Îïåðàöèîííàÿ ñèñòåìà Microsoft® Windows®
   FileDesc:   Microsoft COM äëÿ Windows
   FileVer:    10.0.14393.187
   ProdVer:    10.0.14393.187

Module 74
C:\WINDOWS\System32\ole32.dll
Image Base: 0x76e30000  Image Size: 0x000ea000
File Size:  959104      File Time:  2016-09-07_081304
Version:
   Company:    Microsoft Corporation
   Product:    Îïåðàöèîííàÿ ñèñòåìà Microsoft® Windows®
   FileDesc:   Microsoft OLE äëÿ Windows
   FileVer:    10.0.14393.187
   ProdVer:    10.0.14393.187

Module 75
C:\WINDOWS\System32\KERNELBASE.dll
Image Base: 0x76f20000  Image Size: 0x001a1000
File Size:  1705976     File Time:  2016-10-05_130326
Version:
   Company:    Microsoft Corporation
   Product:    Îïåðàöèîííàÿ ñèñòåìà Microsoft® Windows®
   FileDesc:   Áèáëèîòåêà êëèåíòà Windows NT BASE API
   FileVer:    10.0.14393.321
   ProdVer:    10.0.14393.321

Module 76
C:\WINDOWS\System32\cfgmgr32.dll
Image Base: 0x770d0000  Image Size: 0x00036000
File Size:  213848      File Time:  2016-07-16_144256
Version:
   Company:    Microsoft Corporation
   Product:    Microsoft® Windows® Operating System
   FileDesc:   Configuration Manager DLL
   FileVer:    10.0.14393.0
   ProdVer:    10.0.14393.0

Module 77
C:\WINDOWS\System32\clbcatq.dll
Image Base: 0x77120000  Image Size: 0x00084000
File Size:  528360      File Time:  2016-07-16_144248
Version:
   Company:    Microsoft Corporation
   Product:    Microsoft® Windows® Operating System
   FileDesc:   COM+ Configuration Catalog
   FileVer:    2001.12.10941.16384
   ProdVer:    10.0.14393.0

Module 78
C:\WINDOWS\System32\NSI.dll
Image Base: 0x771b0000  Image Size: 0x00007000
File Size:  20152       File Time:  2016-07-16_144228
Version:
   Company:    Microsoft Corporation
   Product:    Microsoft® Windows® Operating System
   FileDesc:   NSI User-mode interface DLL
   FileVer:    10.0.14393.0
   ProdVer:    10.0.14393.0

Module 79
C:\WINDOWS\System32\profapi.dll
Image Base: 0x771c0000  Image Size: 0x0000f000
File Size:  54752       File Time:  2016-07-16_144250
Version:
   Company:    Microsoft Corporation
   Product:    Microsoft® Windows® Operating System
   FileDesc:   User Profile Basic API
   FileVer:    10.0.14393.0
   ProdVer:    10.0.14393.0

Module 80
C:\WINDOWS\System32\USER32.dll
Image Base: 0x771d0000  Image Size: 0x0015f000
File Size:  1435896     File Time:  2016-08-28_051722
Version:
   Company:    Microsoft Corporation
   Product:    Îïåðàöèîííàÿ ñèñòåìà Microsoft® Windows®
   FileDesc:   Ìíîãîïîëüçîâàòåëüñêàÿ áèáëèîòåêà êëèåíòà USER API Windows
   FileVer:    10.0.14393.5
   ProdVer:    10.0.14393.5

Module 81
C:\WINDOWS\System32\MSCTF.dll
Image Base: 0x77330000  Image Size: 0x00136000
File Size:  1264912     File Time:  2016-09-15_201400
Version:
   Company:    Microsoft Corporation
   Product:    Îïåðàöèîííàÿ ñèñòåìà Microsoft® Windows®
   FileDesc:   Ñåðâåðíàÿ áèáëèîòåêà MSCTF
   FileVer:    10.0.14393.206
   ProdVer:    10.0.14393.206

Module 82
C:\WINDOWS\SYSTEM32\ntdll.dll
Image Base: 0x77470000  Image Size: 0x00182000
File Size:  1570680     File Time:  2016-09-15_203524
Version:
   Company:    Microsoft Corporation
   Product:    Îïåðàöèîííàÿ ñèñòåìà Microsoft® Windows®
   FileDesc:   Ñèñòåìíàÿ áèáëèîòåêà NT
   FileVer:    10.0.14393.206
   ProdVer:    10.0.14393.206

Module 83
C:\WINDOWS\system32\wbem\fastprox.dll
Image Base: 0x77bd0000  Image Size: 0x000c2000
File Size:  779776      File Time:  2016-07-16_144258
Version:
   Company:    Microsoft Corporation
   Product:    Microsoft® Windows® Operating System
   FileDesc:   WMI Custom Marshaller
   FileVer:    10.0.14393.0
   ProdVer:    10.0.14393.0


== [end of error.log] ==
